Warning: Design 'top' has '17' unresolved references. For more detailed information, use the "link" command. (UID-341)
 
****************************************
Report : area
Design : top
Version: Q-2019.12-SP5-2
Date   : Sun Jun 27 14:38:36 2021
****************************************

Library(s) Used:

    slow (File: /data2/class/wsj/wsj27/project/umc18/aci/sc-x/synopsys/slow.db)

Number of ports:                          148
Number of nets:                           952
Number of cells:                          634
Number of combinational cells:            392
Number of sequential cells:               240
Number of macros/black boxes:               0
Number of buf/inv:                         59
Number of references:                      51

Combinational area:               6526.396921
Buf/Inv area:                      588.772821
Noncombinational area:           13382.107391
Macro/Black Box area:                0.000000
Net Interconnect area:      undefined  (No wire load specified)

Total cell area:                 19908.504313
Total area:                 undefined

Information: This design contains black box (unknown) components. (RPT-8)
1
