Warning: Design 'top' has '1' unresolved references. For more detailed information, use the "link" command. (UID-341)
 
****************************************
Report : cell
Design : top
Version: Q-2019.12-SP5-2
Date   : Sun Jun 27 20:25:31 2021
****************************************

Attributes:
    b - black box (unknown)
    h - hierarchical
    n - noncombinational
    r - removable
    u - contains unmapped logic

Cell                      Reference       Library             Area  Attributes
--------------------------------------------------------------------------------
RTC                       RTC                             0.000000  b
U207                      NOR2XL          slow            13.305600 
U208                      NOR2XL          slow            13.305600 
U209                      NOR2XL          slow            13.305600 
U210                      NOR2XL          slow            13.305600 
U211                      NOR2XL          slow            13.305600 
U212                      NOR2XL          slow            13.305600 
U213                      NOR2XL          slow            13.305600 
U214                      NOR2XL          slow            13.305600 
U215                      NOR2XL          slow            13.305600 
U216                      NOR2X1          slow            9.979200  
U217                      NAND2XL         slow            9.979200  
U218                      NOR2X1          slow            9.979200  
U219                      NOR2X1          slow            9.979200  
U220                      NOR2X1          slow            9.979200  
U221                      NOR2X1          slow            9.979200  
U222                      INVXL           slow            9.979200  
U223                      NOR2X1          slow            9.979200  
U224                      OR2XL           slow            13.305600 
U225                      OR2XL           slow            13.305600 
U226                      OAI2BB1XL       slow            16.632000 
U227                      INVXL           slow            9.979200  
U228                      AND2XL          slow            13.305600 
U229                      INVXL           slow            9.979200  
U230                      NOR2X1          slow            9.979200  
U231                      INVXL           slow            9.979200  
U232                      AND3XL          slow            19.958401 
U233                      AND3XL          slow            19.958401 
U234                      INVXL           slow            9.979200  
U235                      INVXL           slow            9.979200  
U236                      INVXL           slow            9.979200  
U237                      INVXL           slow            9.979200  
U238                      AND3XL          slow            19.958401 
U239                      AND3XL          slow            19.958401 
U240                      AND3XL          slow            19.958401 
U241                      AND3XL          slow            19.958401 
U242                      AND3XL          slow            19.958401 
U243                      AND3XL          slow            19.958401 
U244                      INVXL           slow            9.979200  
U245                      AOI21XL         slow            16.632000 
U246                      INVXL           slow            9.979200  
U247                      NAND2XL         slow            9.979200  
U248                      INVXL           slow            9.979200  
U249                      OAI211XL        slow            19.958401 
U250                      INVXL           slow            9.979200  
U251                      INVXL           slow            9.979200  
U252                      INVXL           slow            9.979200  
U253                      NAND2XL         slow            9.979200  
U254                      NAND2XL         slow            9.979200  
U255                      NAND2XL         slow            9.979200  
U256                      NAND2XL         slow            9.979200  
U257                      INVXL           slow            9.979200  
U258                      NAND2XL         slow            9.979200  
U259                      NAND2XL         slow            9.979200  
U260                      OAI211XL        slow            19.958401 
U261                      INVXL           slow            9.979200  
U262                      INVXL           slow            9.979200  
U263                      INVXL           slow            9.979200  
U264                      NAND2XL         slow            9.979200  
U265                      INVXL           slow            9.979200  
U266                      AOI22XL         slow            19.958401 
U267                      OAI31XL         slow            19.958401 
U268                      NAND2XL         slow            9.979200  
U269                      OR2XL           slow            13.305600 
U270                      OAI211XL        slow            19.958401 
U271                      INVXL           slow            9.979200  
U272                      NAND2XL         slow            9.979200  
U273                      NAND2XL         slow            9.979200  
U274                      NAND2XL         slow            9.979200  
U275                      NAND2XL         slow            9.979200  
U276                      OAI211XL        slow            19.958401 
U277                      INVXL           slow            9.979200  
U278                      INVXL           slow            9.979200  
U279                      INVXL           slow            9.979200  
U280                      NAND2XL         slow            9.979200  
U281                      AOI22XL         slow            19.958401 
U282                      OAI31XL         slow            19.958401 
U283                      NAND2XL         slow            9.979200  
U284                      OR2XL           slow            13.305600 
U285                      OAI211XL        slow            19.958401 
U286                      INVXL           slow            9.979200  
U287                      NAND2XL         slow            9.979200  
U288                      NAND2XL         slow            9.979200  
U289                      NAND2XL         slow            9.979200  
U290                      NAND2XL         slow            9.979200  
U291                      OAI211XL        slow            19.958401 
U292                      OR2XL           slow            13.305600 
U293                      OAI211XL        slow            19.958401 
U294                      INVXL           slow            9.979200  
U295                      AOI22XL         slow            19.958401 
U296                      OAI31XL         slow            19.958401 
U297                      NAND2XL         slow            9.979200  
U298                      NAND2XL         slow            9.979200  
U299                      OAI211XL        slow            19.958401 
U300                      INVXL           slow            9.979200  
U301                      INVXL           slow            9.979200  
U302                      INVXL           slow            9.979200  
U303                      NAND2XL         slow            9.979200  
U304                      INVXL           slow            9.979200  
U305                      AOI22XL         slow            19.958401 
U306                      OAI31XL         slow            19.958401 
U307                      NAND2XL         slow            9.979200  
U308                      OR2XL           slow            13.305600 
U309                      OAI211XL        slow            19.958401 
U310                      INVXL           slow            9.979200  
U311                      NAND2XL         slow            9.979200  
U312                      NAND2XL         slow            9.979200  
U313                      NAND2XL         slow            9.979200  
U314                      NAND2XL         slow            9.979200  
U315                      OAI211XL        slow            19.958401 
U316                      OAI21XL         slow            16.632000 
U317                      INVXL           slow            9.979200  
U318                      NAND2XL         slow            9.979200  
U319                      OAI2BB1XL       slow            16.632000 
U320                      NAND2XL         slow            9.979200  
U321                      OR2XL           slow            13.305600 
U322                      NAND2XL         slow            9.979200  
U323                      OAI2BB1XL       slow            16.632000 
U324                      OR2XL           slow            13.305600 
U325                      NAND2XL         slow            9.979200  
U326                      NAND2XL         slow            9.979200  
U328                      AND2XL          slow            13.305600 
U330                      OAI2BB1XL       slow            16.632000 
U331                      NAND2XL         slow            9.979200  
U332                      AOI32XL         slow            23.284800 
U333                      NAND2XL         slow            9.979200  
U334                      OAI211XL        slow            19.958401 
U335                      OAI32XL         slow            23.284800 
U336                      OAI21XL         slow            16.632000 
U337                      AOI32XL         slow            23.284800 
U338                      OAI2BB1XL       slow            16.632000 
U339                      NAND2XL         slow            9.979200  
U340                      AOI32XL         slow            23.284800 
U341                      NAND2XL         slow            9.979200  
U342                      OAI211XL        slow            19.958401 
U343                      OAI32XL         slow            23.284800 
U344                      OAI21XL         slow            16.632000 
U345                      OAI2BB1XL       slow            16.632000 
U346                      NAND2XL         slow            9.979200  
U347                      AOI32XL         slow            23.284800 
U348                      NAND2XL         slow            9.979200  
U349                      OAI211XL        slow            19.958401 
U350                      OAI32XL         slow            23.284800 
U351                      OAI21XL         slow            16.632000 
U352                      OAI2BB1XL       slow            16.632000 
U353                      AOI32XL         slow            23.284800 
U354                      OAI32XL         slow            23.284800 
U355                      OAI21XL         slow            16.632000 
U356                      OR2XL           slow            13.305600 
U357                      AOI2BB1XL       slow            16.632000 
U358                      AND2XL          slow            13.305600 
U359                      OAI2BB1XL       slow            16.632000 
U360                      OAI2BB1XL       slow            16.632000 
U361                      OAI2BB1XL       slow            16.632000 
U362                      OAI2BB1XL       slow            16.632000 
U363                      OR2XL           slow            13.305600 
UFIRROOT                  FIRROOT                         40828.234672
                                                                    h, n
bcd_RTC_hh                bcd_1                           578.793606
                                                                    h, n
bcd_RTC_mm                bcd_0                           758.419209
                                                                    h, n
bcd_fir                   bcd_2                           1350.518414
                                                                    h, n
--------------------------------------------------------------------------------
Total 160 cells                                           45664.820349
1
