 
****************************************
Report : power
        -analysis_effort low
Design : top
Version: Q-2019.12-SP5-2
Date   : Sun Jun 27 20:25:31 2021
****************************************


Library(s) Used:

    slow (File: /data2/class/wsj/wsj27/project/umc18/aci/sc-x/synopsys/slow.db)


Operating Conditions: slow   Library: slow
Wire Load Model Mode: top


Global Operating Voltage = 1.62 
Power-specific unit information :
    Voltage Units = 1V
    Capacitance Units = 1.000000pf
    Time Units = 1ns
    Dynamic Power Units = 1mW    (derived from V,C,T units)
    Leakage Power Units = 1pW


  Cell Internal Power  = 592.7325 uW   (91%)
  Net Switching Power  =  61.8836 uW    (9%)
                         ---------
Total Dynamic Power    = 654.6161 uW  (100%)

Cell Leakage Power     =   5.1296 uW


                 Internal         Switching           Leakage            Total
Power Group      Power            Power               Power              Power   (   %    )  Attrs
--------------------------------------------------------------------------------------------------
io_pad             0.0000            0.0000            0.0000            0.0000  (   0.00%)
memory             0.0000            0.0000            0.0000            0.0000  (   0.00%)
black_box          0.0000            0.0000            0.0000            0.0000  (   0.00%)
clock_network      0.0000        1.5329e-02            0.0000        1.5329e-02  (   2.32%)
register           0.3635        7.2646e-03        8.3495e+05            0.3716  (  56.32%)
sequential         0.0000            0.0000            0.0000            0.0000  (   0.00%)
combinational      0.2292        3.9290e-02        4.2946e+06            0.2728  (  41.35%)
--------------------------------------------------------------------------------------------------
Total              0.5927 mW     6.1884e-02 mW     5.1296e+06 pW         0.6597 mW
1
