 
****************************************
Report : power
        -analysis_effort low
Design : top
Version: Q-2019.12-SP5-2
Date   : Sun Jun 27 20:27:40 2021
****************************************


Library(s) Used:

    slow (File: /data2/class/wsj/wsj27/project/umc18/aci/sc-x/synopsys/slow.db)


Operating Conditions: slow   Library: slow
Wire Load Model Mode: top


Global Operating Voltage = 1.62 
Power-specific unit information :
    Voltage Units = 1V
    Capacitance Units = 1.000000pf
    Time Units = 1ns
    Dynamic Power Units = 1mW    (derived from V,C,T units)
    Leakage Power Units = 1pW


  Cell Internal Power  = 744.3316 uW   (91%)
  Net Switching Power  =  73.3526 uW    (9%)
                         ---------
Total Dynamic Power    = 817.6842 uW  (100%)

Cell Leakage Power     =   4.9674 uW


                 Internal         Switching           Leakage            Total
Power Group      Power            Power               Power              Power   (   %    )  Attrs
--------------------------------------------------------------------------------------------------
io_pad             0.0000            0.0000            0.0000            0.0000  (   0.00%)
memory             0.0000            0.0000            0.0000            0.0000  (   0.00%)
black_box          0.0000            0.0000            0.0000            0.0000  (   0.00%)
clock_network      0.0000        2.0446e-02            0.0000        2.0446e-02  (   2.49%)
register           0.4841        6.2079e-03        8.3250e+05            0.4911  (  59.70%)
sequential         0.0000            0.0000            0.0000            0.0000  (   0.00%)
combinational      0.2603        4.6699e-02        4.1349e+06            0.3111  (  37.82%)
--------------------------------------------------------------------------------------------------
Total              0.7443 mW     7.3353e-02 mW     4.9674e+06 pW         0.8227 mW
1
